------ IPMsg ver5.0.3(x64) -----
 Date        : 2021/05/28 20:34:46
 Start       : 2021/05/28 07:53:45
 OS Infos    : 0a/00/4a62/00/00/100
 Mod Addr    : 0000000140000000
 Mod Date    : 2021/04/11 00:42:46
 Mod Size    : 2819928
 Hash        : 7b9e7af548a533e7
 Code/Adr/DC : C0000005 / 000000014007A81B / 00007FFD21CE954B
 AX/BX/CX/DX : 000000000014E2C0 / 0000000000000001 / 0000000000000000 / 0000000000000000
 SI/DI/BP/SP : 0000000200000000 / 0000000000000000 / 0000000000000000 / 000000000014E2A0
 08/09/10/11 : 000000000000030C / 0000000000000000 / 0000000000008000 / 000000000014E2C0
 12/13/14/15 : 0000000000000000 / 0000000000000000 / 00000000026280B0 / 0000000000000000
 BT/BF/ET/EF : 0000000000000000 / 0000000000000000 / 0000000000000000 / 0000000000000000
------- pre stack info -----
0000000000000000 0000000000000000 0000000000000000 0000000000000000
000000000000000C 0000000000000000 0000000000000000 00007FFD21717AB0
00007FFD2176CEC0 000000000014E720 0000000000000000 0000000000000000
00000000027F8FC0 00007FFD218F0060 0000000000000000 0000000000000000
0000000200001180 0000000000000000 0000000000000000 0000000000000000
0000000000000000 0000000000000000 0000000000000000 0000000000000000
0000000000000000 0000000000000000 0000000000000000 000000000014B6D8
0000000000000000 000000000014E480 0000000000000000 000000014007A7E4
------- stack info -----
0000000000000000 0000000000000000 0000000000000000 0000000000000000
0000000000000000 0000000000000000 0000000000000000 0000000000000000
0000000000000000 0000000000000000 0000000000000000 0000000000000000
0000000000000000 0000000000000000 0000000000000000 0000000000000000
0000000000000000 0000000000000000 0000000000000000 0000000000000000
0000000000000000 0000000000000000 0000000000000000 0000000000000000
0000000000000000 0000000000000000 0000000000000000 0000000000000000
0000000000000000 0000000000000000 0000000000000000 0000000000000000
0000000000000000 0000000000000000 0000000000000000 0000000000000000
0000000000000000 0000000000000000 0000000000000000 0000000000000000
0000000000000000 0000000000000000 0000000000000000 0000000000000000
0000000000000000 0000000000000000 0000000000000000 0000000000000000
0000000000000000 0000000000000000 0000000000000000 0000000000000000
0000000000000000 0000000000000000 0000000000000000 0000000000000000
0000000000000000 0000000000000000 0000000000000000 0000000000000000
0000000000000000 0000000000000000 0000000000000000 0000000000000000
0000000000000000 0000000000000000 0000000000000000 0000000000000000
0000000000000000 0000000000000000 0000000000000000 0000000000000000
0000000000000000 0000000000000000 0000000000000000 0000000000000000
0000000000000000 0000000000000000 0000000000000000 0000000000000000
0000000000000000 0000000000000000 0000000000000000 0000000000000000
0000000000000000 0000000000000000 0000000000000000 0000000000000000
0000000000000000 0000000000000000 0000000000000000 0000000000000000
0000000000000000 0000000000000000 0000000000000000 0000000000000000
0000000000000000 0000000000000000 0000000000000000 0000000000000000
0000000000000000 00007FFD00000000 0000000000000000 0000000000000000
0000000000000000 0000000000000000 0000000000000000 0000000000000000
0000000000000000 0000000000000000 0000000000000000 0000000000000000
0000000000000000 0000000000000000 0000000000000000 0000000000000000
0000000000000000 0000000000000000 0000000000000000 0000000000000000
0000000000000000 0000000000000000 0000000000000000 0000000000000000
0000000000000000 0000000000000000 0000000000000000 0000000000000000
0000000000000000 0000000000000000 0000000000000000 0000000000000000
0000000000000000 0000000000000000 0000000000000000 0000000000000000
0000000000000000 0000000000000000 0000000000000000 0000000000000000
0000000000000000 0000000000000000 0000000000000000 0000000000000000
0000000000000000 0000000000000000 0000000000000000 0000000000000000
0000000000000000 0000000000000000 0000000000000000 0000000000000000
0000000000000000 0000000000000000 0000000000000000 0000000000000000
0000000000000000 0000000000000000 0000000000000000 0000000000000000
0000000000000000 0000000000000000 0000000000000000 0000000000000000
0000000000000000 0000000000000000 0000000000000000 0000000000000000
0000000000000000 0000000000000000 0000000000000000 0000000000000000
0000000000000000 0000000000000000 0000000000000000 0000000000000000
0000000000000000 0000000000000000 0000000000000000 0000000000000000
0000000000000000 0000000000000000 0000000000000000 0000000000000000
0000000000000000 0000000000000000 0000000000000000 0000000000000000
0000000000000000 0000000000000000 0000000000000000 0000000000000000
0000000000000000 0000000000000000 0000000000000000 0000000000000000
0000000000000000 0000000000000000 0000000000000000 0000000000000000
0000000000000000 0000000000000000 0000000000000000 0000000000000000
0000000000000000 0000000000000000 0000000000000000 0000000000000000
0000000000000000 0000000000000000 0000000000000000 0000000000000000
0000000000000000 0000000000000000 0000000000000000 0000000000000000
0000000000000000 0000000000000000 0000000000000000 0000000000000000
0000000000000000 0000000000000000 0000000000000000 0000000000000000
0000000000000000 0000000000000000 0000000000000000 0000000000000000
0000000000000000 0000000000000000 0000000000000000 0000000000420000
000000000014EC40 0000000000000000 0000000000000000 00000000004D66F0
00000000004D66F0 00007FFD216EE921 0000000000000000 00007FFD218EF778
000000000042D040 0000000000000000 0000000000000001 0000000000000004
0000000000000000 00000000026A89D0 0000000000140001 0000000000000000
0000000000000004 0000000000000000 0000000000000000 0000000000000001
7ABF2D2B000869B5 0000000000000004 0000000000000000 0000000021DA3F00
---- reg point info ----
    00000000 00000000 00000000 00000000 00000000 00000000 00000000 00000000
Rax 00000000 00000000 00000000 00000000 00000000 00000000 00000000 00000000
    00000000 00000000 00000000 00000000 00000000 00000000 00000000 00000000

    00000000 00000000 80e41400 00000000 00000000 00000000 e4a70740 01000000
Rsp 00000000 00000000 00000000 00000000 00000000 00000000 00000000 00000000
    00000000 00000000 00000000 00000000 00000000 00000000 00000000 00000000

    00000000 00000000 00000000 00000000 00000000 00000000 00000000 00000000
R11 00000000 00000000 00000000 00000000 00000000 00000000 00000000 00000000
    00000000 00000000 00000000 00000000 00000000 00000000 00000000 00000000

    00000000 00000000 00000000 00000000 00000000 00000000 05c2f4a0 312c0500
R14 80aa6202 00000000 30726b02 00000000 e8c16720 fd7f0000 08816202 00000000
    d0c54b00 00000000 03000000 ffffffff 00000000 00000000 00000000 00000000

    e74885f6 750733c0 e9440200 0048899c 24880f00 004889bc 24400f00 00418bff
Rip 44397e40 0f8e9c00 0000498b df0f1f84 00000000 004181be 88000000 21030000
    488b4638 488b0403 488b4810 751d4885 c9488d05 95d91800 488d5424 20480f45
---- dump info ----
 size=6995870 flags=1a25

---- back trace info ----
 0: 000000014007A81B :    7a81b : IPMsg.exe
 1: 000000014008ADAB :    8adab : IPMsg.exe
 2: 00000001400BBCC6 :    bbcc6 : IPMsg.exe
 3: 00000001400BCB63 :    bcb63 : IPMsg.exe
 4: 00007FFD21A22920 :    12920 : USER32.dll
 5: 00007FFD21A220C2 :    120c2 : USER32.dll
 6: 00007FFD21A21FD6 :    11fd6 : USER32.dll
 7: 00007FFD21A1E858 :     e858 : USER32.dll
 8: 00007FFD21A1DE1B :     de1b : USER32.dll
 9: 00007FFD21A1D68A :     d68a : USER32.dll
10: 00007FFD137D2467 :    52467 : COMCTL32.dll
11: 00007FFD137E20F0 :    620f0 : COMCTL32.dll
12: 00007FFD21A1E858 :     e858 : USER32.dll
13: 00007FFD21A1E299 :     e299 : USER32.dll
14: 00007FFD21A1C050 :     c050 : USER32.dll
15: 00000001400BCAE2 :    bcae2 : IPMsg.exe
16: 00000001400BC9CE :    bc9ce : IPMsg.exe
17: 000000014001E22C :    1e22c : IPMsg.exe
18: 00000001401C31B2 :   1c31b2 : IPMsg.exe
19: 00007FFD20967034 :    17034 : KERNEL32.DLL
20: 00007FFD21E82651 :    52651 : ntdll.dll
------------------------

